[30Sept.2025 09:50:10.401] [main/INFO] [cpw.mods.modlauncher.Launcher/MODLAUNCHER]: ModLauncher running: args [--launchTarget, forgeclientdev, --version, 21.1.209, --assetIndex, 17, --assetsDir, C:\\Users\\david\\.gradle\\caches\\neoformruntime\\assets, --gameDir, ., --fml.fmlVersion, 4.0.41, --fml.mcVersion, 1.21.1, --fml.neoForgeVersion, 21.1.209, --fml.neoFormVersion, 20240808.144430]
[30Sept.2025 09:50:10.405] [main/INFO] [cpw.mods.modlauncher.Launcher/MODLAUNCHER]: JVM identified as Eclipse Adoptium OpenJDK 64-Bit Server VM 21.0.4+7-LTS
[30Sept.2025 09:50:10.407] [main/INFO] [cpw.mods.modlauncher.Launcher/MODLAUNCHER]: ModLauncher 11.0.5+main.901c6ea8 starting: java version 21.0.4 by Eclipse Adoptium; OS Windows 11 arch amd64 version 10.0
[30Sept.2025 09:50:10.579] [main/INFO] [net.neoforged.fml.loading.ImmediateWindowHandler/]: Loading ImmediateWindowProvider fmlearlywindow
[30Sept.2025 09:50:10.756] [main/INFO] [EARLYDISPLAY/]: Trying GL version 4.6
[30Sept.2025 09:50:11.063] [main/INFO] [EARLYDISPLAY/]: Requested GL version 4.6 got version 4.6
[30Sept.2025 09:50:11.213] [main/INFO] [mixin/]: SpongePowered MIXIN Subsystem Version=0.8.7 Source=union:/C:/Users/david/.gradle/caches/modules-2/files-2.1/net.fabricmc/sponge-mixin/0.15.2+mixin.0.8.7/2af2f021d8e02a0220dc27a7a72b4666d66d44ca/sponge-mixin-0.15.2+mixin.0.8.7.jar%23138!/ Service=ModLauncher Env=CLIENT
[30Sept.2025 09:50:11.460] [pool-2-thread-1/INFO] [EARLYDISPLAY/]: GL info: NVIDIA GeForce RTX 4060 Laptop GPU/PCIe/SSE2 GL version 4.6.0 NVIDIA 576.52, NVIDIA Corporation
[30Sept.2025 09:50:11.807] [main/INFO] [net.neoforged.fml.loading.moddiscovery.locators.JarInJarDependencyLocator/]: Found 8 dependencies adding them to mods collection
[30Sept.2025 09:50:11.809] [main/INFO] [net.neoforged.fml.loading.moddiscovery.ModDiscoverer/]: 
     Mod List:
		Name Version (Mod Id)

		In Silence 0.0.1 (in_silence)
		Minecraft 1.21.1 (minecraft)
		NeoForge 21.1.209 (neoforge)
		Veil 1.0.0.206 (veil)
[30Sept.2025 09:50:13.117] [main/INFO] [mixin/]: Compatibility level set to JAVA_21
[30Sept.2025 09:50:13.146] [main/INFO] [cpw.mods.modlauncher.LaunchServiceHandler/MODLAUNCHER]: Launching target 'forgeclientdev' with arguments [--version, 21.1.209, --gameDir, ., --assetsDir, C:\Users\david\.gradle\caches\neoformruntime\assets, --assetIndex, 17]
[30Sept.2025 09:50:13.320] [main/WARN] [mixin/]: Reference map 'veil.refmap.json' for veil.debug.mixins.json could not be read. If this is a development environment you can ignore this message
[30Sept.2025 09:50:13.321] [main/WARN] [mixin/]: Reference map 'veil.refmap.json' for veil.dynamicbuffer.mixins.json could not be read. If this is a development environment you can ignore this message
[30Sept.2025 09:50:13.323] [main/WARN] [mixin/]: Reference map 'veil.refmap.json' for veil.fix.mixins.json could not be read. If this is a development environment you can ignore this message
[30Sept.2025 09:50:13.324] [main/WARN] [mixin/]: Reference map 'veil.refmap.json' for veil.framebuffer.mixins.json could not be read. If this is a development environment you can ignore this message
[30Sept.2025 09:50:13.328] [main/WARN] [mixin/]: Reference map 'veil.refmap.json' for veil.imgui.mixins.json could not be read. If this is a development environment you can ignore this message
[30Sept.2025 09:50:13.329] [main/WARN] [mixin/]: Reference map 'veil.refmap.json' for veil.necromancer.mixins.json could not be read. If this is a development environment you can ignore this message
[30Sept.2025 09:50:13.329] [main/WARN] [mixin/]: Reference map 'veil.refmap.json' for veil.performance.mixins.json could not be read. If this is a development environment you can ignore this message
[30Sept.2025 09:50:13.330] [main/WARN] [mixin/]: Reference map 'veil.refmap.json' for veil.perspective.mixins.json could not be read. If this is a development environment you can ignore this message
[30Sept.2025 09:50:13.331] [main/WARN] [mixin/]: Reference map 'veil.refmap.json' for veil.pipeline.mixins.json could not be read. If this is a development environment you can ignore this message
[30Sept.2025 09:50:13.337] [main/WARN] [mixin/]: Reference map 'veil.refmap.json' for veil.quasar.mixins.json could not be read. If this is a development environment you can ignore this message
[30Sept.2025 09:50:13.339] [main/WARN] [mixin/]: Reference map 'veil.refmap.json' for veil.registry.mixins.json could not be read. If this is a development environment you can ignore this message
[30Sept.2025 09:50:13.345] [main/WARN] [mixin/]: Reference map 'veil.refmap.json' for veil.rendertype.mixins.json could not be read. If this is a development environment you can ignore this message
[30Sept.2025 09:50:13.346] [main/WARN] [mixin/]: Reference map 'veil.refmap.json' for veil.resource.mixins.json could not be read. If this is a development environment you can ignore this message
[30Sept.2025 09:50:13.347] [main/WARN] [mixin/]: Reference map 'veil.refmap.json' for veil.shader.mixins.json could not be read. If this is a development environment you can ignore this message
[30Sept.2025 09:50:13.348] [main/WARN] [mixin/]: Reference map 'veil.refmap.json' for veil.tooltip.mixins.json could not be read. If this is a development environment you can ignore this message
[30Sept.2025 09:50:13.377] [main/WARN] [mixin/]: Reference map 'veil.refmap.json' for veil.neoforge.mixins.json could not be read. If this is a development environment you can ignore this message
[30Sept.2025 09:50:14.341] [main/INFO] [MixinExtras|Service/]: Initializing MixinExtras via com.llamalad7.mixinextras.service.MixinExtrasServiceImpl(version=0.5.0).
[30Sept.2025 09:50:19.137] [Datafixer Bootstrap/INFO] [com.mojang.datafixers.DataFixerBuilder/]: 229 Datafixer optimizations took 1673 milliseconds
[30Sept.2025 09:50:31.667] [main/WARN] [net.minecraft.commands.Commands/]: Ambiguity between arguments [teleport, location] and [teleport, destination] with inputs: [0.1 -0.5 .9, 0 0 0]
[30Sept.2025 09:50:31.668] [main/WARN] [net.minecraft.commands.Commands/]: Ambiguity between arguments [teleport, location] and [teleport, targets] with inputs: [0.1 -0.5 .9, 0 0 0]
[30Sept.2025 09:50:31.672] [main/WARN] [net.minecraft.commands.Commands/]: Ambiguity between arguments [teleport, destination] and [teleport, targets] with inputs: [Player, 0123, @e, dd12be42-52a9-4a91-a8a1-11c01849e498]
[30Sept.2025 09:50:31.674] [main/WARN] [net.minecraft.commands.Commands/]: Ambiguity between arguments [teleport, targets] and [teleport, destination] with inputs: [Player, 0123, dd12be42-52a9-4a91-a8a1-11c01849e498]
[30Sept.2025 09:50:31.675] [main/WARN] [net.minecraft.commands.Commands/]: Ambiguity between arguments [teleport, targets, location] and [teleport, targets, destination] with inputs: [0.1 -0.5 .9, 0 0 0]
[30Sept.2025 09:50:31.896] [Render thread/WARN] [net.minecraft.server.packs.VanillaPackResourcesBuilder/]: Assets URL 'union:/C:/Users/david/Desktop/Mod/In%20Silence/build/moddev/artifacts/neoforge-21.1.209.jar%23189!/assets/.mcassetsroot' uses unexpected schema
[30Sept.2025 09:50:31.896] [Render thread/WARN] [net.minecraft.server.packs.VanillaPackResourcesBuilder/]: Assets URL 'union:/C:/Users/david/Desktop/Mod/In%20Silence/build/moddev/artifacts/neoforge-21.1.209.jar%23189!/data/.mcassetsroot' uses unexpected schema
[30Sept.2025 09:50:31.949] [Render thread/INFO] [com.mojang.authlib.yggdrasil.YggdrasilAuthenticationService/]: Environment: Environment[sessionHost=https://sessionserver.mojang.com, servicesHost=https://api.minecraftservices.com, name=PROD]
[30Sept.2025 09:50:31.961] [Render thread/INFO] [net.minecraft.client.Minecraft/]: Setting user: Dev
[30Sept.2025 09:50:32.081] [Render thread/INFO] [net.minecraft.client.Minecraft/]: Backend library: LWJGL version 3.3.3+5
[30Sept.2025 09:50:32.726] [modloading-worker-0/INFO] [Veil/]: Veil is initializing.
[30Sept.2025 09:50:32.824] [modloading-worker-0/INFO] [net.neoforged.neoforge.common.NeoForgeMod/NEOFORGE-MOD]: NeoForge mod loading, version 21.1.209, for MC 1.21.1
[30Sept.2025 09:50:33.756] [Render thread/INFO] [Veil/]: GL Debug supported
[30Sept.2025 09:50:34.089] [Render thread/INFO] [net.neoforged.neoforge.gametest.GameTestHooks/]: Enabled Gametest Namespaces: [in_silence]
[30Sept.2025 09:50:34.511] [Render thread/INFO] [net.minecraft.server.packs.resources.ReloadableResourceManager/]: Reloading ResourceManager: vanilla, mod_resources, mod/veil, mod/in_silence, mod/neoforge
[30Sept.2025 09:50:34.533] [Worker-Main-3/INFO] [org.bix_studio.in_silence.In_silence/]: HELLO FROM COMMON SETUP
[30Sept.2025 09:50:34.533] [Worker-Main-3/INFO] [org.bix_studio.in_silence.In_silence/]: DIRT BLOCK >> minecraft:dirt
[30Sept.2025 09:50:34.534] [Worker-Main-3/INFO] [org.bix_studio.in_silence.In_silence/]: The magic number is... 42
[30Sept.2025 09:50:34.535] [Worker-Main-3/INFO] [org.bix_studio.in_silence.In_silence/]: ITEM >> minecraft:iron_ingot
[30Sept.2025 09:50:34.779] [Worker-Main-10/INFO] [net.minecraft.client.gui.font.providers.UnihexProvider/]: Found unifont_all_no_pua-15.1.05.hex, loading
[30Sept.2025 09:50:34.869] [Worker-Main-8/INFO] [net.minecraft.client.gui.font.providers.UnihexProvider/]: Found unifont_jp_patch-15.1.05.hex, loading
[30Sept.2025 09:50:34.886] [Worker-Main-14/INFO] [org.bix_studio.in_silence.In_silence/]: HELLO FROM CLIENT SETUP
[30Sept.2025 09:50:34.887] [Worker-Main-14/INFO] [org.bix_studio.in_silence.In_silence/]: MINECRAFT NAME >> Dev
[30Sept.2025 09:50:34.911] [Worker-Main-6/ERROR] [Veil/]: Couldn't parse data file in_silence:horror_vhs from in_silence:pinwheel/post/horror_vhs.json
com.google.gson.JsonSyntaxException: No key stages in MapLike[{"targets":["swap"],"passes":[{"name":"horror_vhs","intarget":"minecraft:main","outtarget":"swap","auxtargets":[],"uniforms":[{"name":"Time","values":[0.0]},{"name":"Intensity","values":[1.0]}]},{"name":"blit","intarget":"swap","outtarget":"minecraft:main"}]}]
	at TRANSFORMER/veil@1.0.0.206/foundry.veil.api.client.render.post.PostProcessingManager.loadPipeline(PostProcessingManager.java:273) ~[veil-neoforge-1.21.1-1.0.0.206.jar%23193!/:1.0.0.206]
	at TRANSFORMER/veil@1.0.0.206/foundry.veil.api.client.render.post.PostProcessingManager.prepare(PostProcessingManager.java:290) ~[veil-neoforge-1.21.1-1.0.0.206.jar%23193!/:1.0.0.206]
	at TRANSFORMER/veil@1.0.0.206/foundry.veil.api.client.render.post.PostProcessingManager.prepare(PostProcessingManager.java:51) ~[veil-neoforge-1.21.1-1.0.0.206.jar%23193!/:1.0.0.206]
	at TRANSFORMER/minecraft@1.21.1/net.minecraft.server.packs.resources.SimplePreparableReloadListener.lambda$reload$0(SimplePreparableReloadListener.java:17) ~[neoforge-21.1.209.jar%23189!/:?]
	at java.base/java.util.concurrent.CompletableFuture$AsyncSupply.run(CompletableFuture.java:1768) [?:?]
	at java.base/java.util.concurrent.CompletableFuture$AsyncSupply.exec(CompletableFuture.java:1760) [?:?]
	at java.base/java.util.concurrent.ForkJoinTask.doExec(ForkJoinTask.java:387) [?:?]
	at java.base/java.util.concurrent.ForkJoinPool$WorkQueue.topLevelExec(ForkJoinPool.java:1312) [?:?]
	at java.base/java.util.concurrent.ForkJoinPool.scan(ForkJoinPool.java:1843) [?:?]
	at java.base/java.util.concurrent.ForkJoinPool.runWorker(ForkJoinPool.java:1808) [?:?]
	at java.base/java.util.concurrent.ForkJoinWorkerThread.run(ForkJoinWorkerThread.java:188) [?:?]
[30Sept.2025 09:50:35.705] [Worker-Main-8/WARN] [net.minecraft.client.resources.model.BlockStateModelLoader/]: Exception loading blockstate definition: 'in_silence:blockstates/example_block.json' missing model for variant: 'in_silence:example_block#'
[30Sept.2025 09:50:35.710] [Worker-Main-8/WARN] [net.minecraft.client.resources.model.ModelBakery/]: Unable to load model: 'in_silence:item/example_block' referenced from: in_silence:item/example_block: java.io.FileNotFoundException: in_silence:models/item/example_block.json
[30Sept.2025 09:50:35.711] [Worker-Main-8/WARN] [net.minecraft.client.resources.model.ModelBakery/]: Unable to load model: 'in_silence:item/example_item' referenced from: in_silence:item/example_item: java.io.FileNotFoundException: in_silence:models/item/example_item.json
[30Sept.2025 09:50:36.687] [Render thread/INFO] [Veil/]: Loaded 0 shader modifications
[30Sept.2025 09:50:36.935] [Render thread/INFO] [Veil/]: Loaded 15 shaders from: pinwheel/shaders/program
[30Sept.2025 09:50:37.219] [Render thread/WARN] [net.minecraft.client.sounds.SoundEngine/]: Missing sound for event: minecraft:item.goat_horn.play
[30Sept.2025 09:50:37.219] [Render thread/WARN] [net.minecraft.client.sounds.SoundEngine/]: Missing sound for event: minecraft:entity.goat.screaming.horn_break
[30Sept.2025 09:50:37.468] [Render thread/INFO] [com.mojang.blaze3d.audio.Library/]: OpenAL initialized on device OpenAL Soft on Lautsprecher (Realtek(R) Audio)
[30Sept.2025 09:50:37.469] [Render thread/INFO] [net.minecraft.client.sounds.SoundEngine/SOUNDS]: Sound engine started
[30Sept.2025 09:50:37.616] [Render thread/INFO] [net.minecraft.client.renderer.texture.TextureAtlas/]: Created: 1024x512x4 minecraft:textures/atlas/blocks.png-atlas
[30Sept.2025 09:50:37.624] [Render thread/INFO] [net.minecraft.client.renderer.texture.TextureAtlas/]: Created: 256x256x4 minecraft:textures/atlas/signs.png-atlas
[30Sept.2025 09:50:37.625] [Render thread/INFO] [net.minecraft.client.renderer.texture.TextureAtlas/]: Created: 512x512x4 minecraft:textures/atlas/shield_patterns.png-atlas
[30Sept.2025 09:50:37.625] [Render thread/INFO] [net.minecraft.client.renderer.texture.TextureAtlas/]: Created: 512x512x4 minecraft:textures/atlas/banner_patterns.png-atlas
[30Sept.2025 09:50:37.626] [Render thread/INFO] [net.minecraft.client.renderer.texture.TextureAtlas/]: Created: 1024x1024x4 minecraft:textures/atlas/armor_trims.png-atlas
[30Sept.2025 09:50:37.630] [Render thread/INFO] [net.minecraft.client.renderer.texture.TextureAtlas/]: Created: 256x256x4 minecraft:textures/atlas/chest.png-atlas
[30Sept.2025 09:50:37.630] [Render thread/INFO] [net.minecraft.client.renderer.texture.TextureAtlas/]: Created: 128x64x4 minecraft:textures/atlas/decorated_pot.png-atlas
[30Sept.2025 09:50:37.631] [Render thread/INFO] [net.minecraft.client.renderer.texture.TextureAtlas/]: Created: 512x256x4 minecraft:textures/atlas/shulker_boxes.png-atlas
[30Sept.2025 09:50:37.631] [Render thread/INFO] [net.minecraft.client.renderer.texture.TextureAtlas/]: Created: 512x256x4 minecraft:textures/atlas/beds.png-atlas
[30Sept.2025 09:50:37.876] [Render thread/INFO] [net.minecraft.client.renderer.texture.TextureAtlas/]: Created: 512x256x0 minecraft:textures/atlas/particles.png-atlas
[30Sept.2025 09:50:37.877] [Render thread/INFO] [net.minecraft.client.renderer.texture.TextureAtlas/]: Created: 512x256x0 minecraft:textures/atlas/paintings.png-atlas
[30Sept.2025 09:50:37.878] [Render thread/INFO] [net.minecraft.client.renderer.texture.TextureAtlas/]: Created: 256x128x0 minecraft:textures/atlas/mob_effects.png-atlas
[30Sept.2025 09:50:37.878] [Render thread/INFO] [net.minecraft.client.renderer.texture.TextureAtlas/]: Created: 64x64x0 minecraft:textures/atlas/map_decorations.png-atlas
[30Sept.2025 09:50:37.878] [Render thread/INFO] [net.minecraft.client.renderer.texture.TextureAtlas/]: Created: 1024x512x0 minecraft:textures/atlas/gui.png-atlas
[30Sept.2025 09:50:37.915] [Render thread/WARN] [net.minecraft.client.renderer.ShaderInstance/]: Shader rendertype_entity_translucent_emissive could not find sampler named Sampler2 in the specified shader program.
[30Sept.2025 09:50:38.043] [Render thread/INFO] [Veil/]: Loaded 2 ImGui fonts
[30Sept.2025 09:50:38.044] [Render thread/INFO] [Veil/]: Built veil:jetbrains_mono
[30Sept.2025 09:50:38.052] [Render thread/INFO] [Veil/]: Built veil:remixicon
[30Sept.2025 09:50:38.162] [Render thread/INFO] [Veil/]: Loaded 2 framebuffers
[30Sept.2025 09:50:38.217] [Render thread/INFO] [Veil/]: Loaded 3 post pipelines
[30Sept.2025 09:50:38.217] [Render thread/INFO] [Veil/]: Loaded 0 render types
[30Sept.2025 09:50:38.218] [Render thread/INFO] [Veil/]: Enabled bloom pipeline
[30Sept.2025 09:50:38.228] [Render thread/INFO] [Veil/]: Loaded 0 quasar particles
[30Sept.2025 09:50:38.239] [Render thread/INFO] [net.neoforged.neoforge.client.entity.animation.json.AnimationLoader/]: Loaded 0 entity animations
[30Sept.2025 09:50:38.340] [Render thread/INFO] [Veil/]: Compiled 57 vanilla shaders in 328.3 ms
[30Sept.2025 09:55:15.687] [Render thread/INFO] [net.minecraft.client.Minecraft/]: Stopping!
